Determining if the pthread_create exist failed with the following output:
Change Dir: /home/agilex/task3/car_ws/build/CMakeFiles/CMakeTmp

Run Build Command:"/usr/bin/make" "cmTC_447d5/fast"
/usr/bin/make -f CMakeFiles/cmTC_447d5.dir/build.make CMakeFiles/cmTC_447d5.dir/build
make[1]: Entering directory '/home/agilex/task3/car_ws/build/CMakeFiles/CMakeTmp'
Building C object CMakeFiles/cmTC_447d5.dir/CheckSymbolExists.c.o
/usr/bin/cc    -o CMakeFiles/cmTC_447d5.dir/CheckSymbolExists.c.o   -c /home/agilex/task3/car_ws/build/CMakeFiles/CMakeTmp/CheckSymbolExists.c
Linking C executable cmTC_447d5
/usr/bin/cmake -E cmake_link_script CMakeFiles/cmTC_447d5.dir/link.txt --verbose=1
/usr/bin/cc      -rdynamic CMakeFiles/cmTC_447d5.dir/CheckSymbolExists.c.o  -o cmTC_447d5 
CMakeFiles/cmTC_447d5.dir/CheckSymbolExists.c.o: In function `main':
CheckSymbolExists.c:(.text+0x14): undefined reference to `pthread_create'
CheckSymbolExists.c:(.text+0x18): undefined reference to `pthread_create'
collect2: error: ld returned 1 exit status
CMakeFiles/cmTC_447d5.dir/build.make:97: recipe for target 'cmTC_447d5' failed
make[1]: *** [cmTC_447d5] Error 1
make[1]: Leaving directory '/home/agilex/task3/car_ws/build/CMakeFiles/CMakeTmp'
Makefile:126: recipe for target 'cmTC_447d5/fast' failed
make: *** [cmTC_447d5/fast] Error 2

File /home/agilex/task3/car_ws/build/CMakeFiles/CMakeTmp/CheckSymbolExists.c:
/* */
#include <pthread.h>

int main(int argc, char** argv)
{
  (void)argv;
#ifndef pthread_create
  return ((int*)(&pthread_create))[argc];
#else
  (void)argc;
  return 0;
#endif
}

Determining if the function pthread_create exists in the pthreads failed with the following output:
Change Dir: /home/agilex/task3/car_ws/build/CMakeFiles/CMakeTmp

Run Build Command:"/usr/bin/make" "cmTC_cbec6/fast"
/usr/bin/make -f CMakeFiles/cmTC_cbec6.dir/build.make CMakeFiles/cmTC_cbec6.dir/build
make[1]: Entering directory '/home/agilex/task3/car_ws/build/CMakeFiles/CMakeTmp'
Building C object CMakeFiles/cmTC_cbec6.dir/CheckFunctionExists.c.o
/usr/bin/cc   -DCHECK_FUNCTION_EXISTS=pthread_create   -o CMakeFiles/cmTC_cbec6.dir/CheckFunctionExists.c.o   -c /usr/share/cmake-3.10/Modules/CheckFunctionExists.c
Linking C executable cmTC_cbec6
/usr/bin/cmake -E cmake_link_script CMakeFiles/cmTC_cbec6.dir/link.txt --verbose=1
/usr/bin/cc  -DCHECK_FUNCTION_EXISTS=pthread_create    -rdynamic CMakeFiles/cmTC_cbec6.dir/CheckFunctionExists.c.o  -o cmTC_cbec6 -lpthreads 
/usr/bin/ld: cannot find -lpthreads
collect2: error: ld returned 1 exit status
CMakeFiles/cmTC_cbec6.dir/build.make:97: recipe for target 'cmTC_cbec6' failed
make[1]: *** [cmTC_cbec6] Error 1
make[1]: Leaving directory '/home/agilex/task3/car_ws/build/CMakeFiles/CMakeTmp'
Makefile:126: recipe for target 'cmTC_cbec6/fast' failed
make: *** [cmTC_cbec6/fast] Error 2


